  [1m[35m (0.1ms)[0m  [1m[34mSELECT sqlite_version(*)[0m
  ↳ /home/felix/.gem/ruby/2.5.0/bin/rake:23
  [1m[35m (5.6ms)[0m  [1m[35mCREATE TABLE "schema_migrations" ("version" varchar NOT NULL PRIMARY KEY)[0m
  ↳ /home/felix/.gem/ruby/2.5.0/bin/rake:23
  [1m[35m (4.3ms)[0m  [1m[35mCREATE TABLE "ar_internal_metadata" ("key" varchar NOT NULL PRIMARY KEY, "value" varchar, "created_at" datetime NOT NULL, "updated_at" datetime NOT NULL)[0m
  ↳ /home/felix/.gem/ruby/2.5.0/bin/rake:23
  [1m[35m (0.2ms)[0m  [1m[34mSELECT "schema_migrations"."version" FROM "schema_migrations" ORDER BY "schema_migrations"."version" ASC[0m
  ↳ /home/felix/.gem/ruby/2.5.0/bin/rake:23
Migrating to CreateFeedbackAssignments (20181101140324)
  [1m[35m (0.1ms)[0m  [1m[36mbegin transaction[0m
  ↳ /home/felix/.gem/ruby/2.5.0/bin/rake:23
  [1m[35m (0.6ms)[0m  [1m[35mCREATE TABLE "feedback_assignments" ("id" integer PRIMARY KEY AUTOINCREMENT NOT NULL, "feedback_id" integer, "sender_id" integer, "receiver_id" integer, "created_at" datetime NOT NULL, "updated_at" datetime NOT NULL)[0m
  ↳ db/migrate/20181101140324_create_feedback_assignments.rb:3
  [1m[36mActiveRecord::SchemaMigration Create (0.5ms)[0m  [1m[32mINSERT INTO "schema_migrations" ("version") VALUES (?)[0m  [["version", "20181101140324"]]
  ↳ /home/felix/.gem/ruby/2.5.0/bin/rake:23
  [1m[35m (3.4ms)[0m  [1m[36mcommit transaction[0m
  ↳ /home/felix/.gem/ruby/2.5.0/bin/rake:23
Migrating to CreateFeedbacks (20181101140952)
  [1m[35m (0.2ms)[0m  [1m[36mbegin transaction[0m
  ↳ /home/felix/.gem/ruby/2.5.0/bin/rake:23
  [1m[35m (0.2ms)[0m  [1m[31mrollback transaction[0m
  ↳ /home/felix/.gem/ruby/2.5.0/bin/rake:23
  [1m[35m (0.2ms)[0m  [1m[34mSELECT "schema_migrations"."version" FROM "schema_migrations" ORDER BY "schema_migrations"."version" ASC[0m
  ↳ /home/felix/.gem/ruby/2.5.0/bin/rake:23
Migrating to CreateUsers (20181101141353)
  [1m[35m (0.1ms)[0m  [1m[36mbegin transaction[0m
  ↳ /home/felix/.gem/ruby/2.5.0/bin/rake:23
  [1m[35m (0.2ms)[0m  [1m[34mSELECT sqlite_version(*)[0m
  ↳ db/migrate/20181101141353_create_users.rb:3
  [1m[35m (0.8ms)[0m  [1m[35mCREATE TABLE "users" ("id" integer PRIMARY KEY AUTOINCREMENT NOT NULL, "user_id" integer, "first_name" varchar, "last_name" varchar, "picture_url" varchar, "created_at" datetime NOT NULL, "updated_at" datetime NOT NULL)[0m
  ↳ db/migrate/20181101141353_create_users.rb:3
  [1m[36mActiveRecord::SchemaMigration Create (0.5ms)[0m  [1m[32mINSERT INTO "schema_migrations" ("version") VALUES (?)[0m  [["version", "20181101141353"]]
  ↳ /home/felix/.gem/ruby/2.5.0/bin/rake:23
  [1m[35m (2.5ms)[0m  [1m[36mcommit transaction[0m
  ↳ /home/felix/.gem/ruby/2.5.0/bin/rake:23
Migrating to CreateImpacts (20181101143051)
  [1m[35m (0.1ms)[0m  [1m[36mbegin transaction[0m
  ↳ /home/felix/.gem/ruby/2.5.0/bin/rake:23
  [1m[35m (0.5ms)[0m  [1m[35mCREATE TABLE "impacts" ("id" integer PRIMARY KEY AUTOINCREMENT NOT NULL, "impact_id" integer, "feeling" varchar, "created_at" datetime NOT NULL, "updated_at" datetime NOT NULL)[0m
  ↳ db/migrate/20181101143051_create_impacts.rb:3
  [1m[36mActiveRecord::SchemaMigration Create (0.3ms)[0m  [1m[32mINSERT INTO "schema_migrations" ("version") VALUES (?)[0m  [["version", "20181101143051"]]
  ↳ /home/felix/.gem/ruby/2.5.0/bin/rake:23
  [1m[35m (3.7ms)[0m  [1m[36mcommit transaction[0m
  ↳ /home/felix/.gem/ruby/2.5.0/bin/rake:23
Migrating to CreateFeedbacks (20181101143232)
  [1m[35m (0.1ms)[0m  [1m[36mbegin transaction[0m
  ↳ /home/felix/.gem/ruby/2.5.0/bin/rake:23
  [1m[35m (0.8ms)[0m  [1m[35mCREATE TABLE "feedbacks" ("id" integer PRIMARY KEY AUTOINCREMENT NOT NULL, "feedback_id" integer, "situation" varchar, "action" varchar, "impact_id" integer, "anonymous" boolean, "created_at" datetime NOT NULL, "updated_at" datetime NOT NULL)[0m
  ↳ db/migrate/20181101143232_create_feedbacks.rb:3
  [1m[36mActiveRecord::SchemaMigration Create (0.5ms)[0m  [1m[32mINSERT INTO "schema_migrations" ("version") VALUES (?)[0m  [["version", "20181101143232"]]
  ↳ /home/felix/.gem/ruby/2.5.0/bin/rake:23
  [1m[35m (3.7ms)[0m  [1m[36mcommit transaction[0m
  ↳ /home/felix/.gem/ruby/2.5.0/bin/rake:23
  [1m[36mActiveRecord::InternalMetadata Load (0.6ms)[0m  [1m[34mSELECT  "ar_internal_metadata".* FROM "ar_internal_metadata" WHERE "ar_internal_metadata"."key" = ? LIMIT ?[0m  [["key", "environment"], ["LIMIT", 1]]
  ↳ /home/felix/.gem/ruby/2.5.0/bin/rake:23
  [1m[35m (0.2ms)[0m  [1m[36mbegin transaction[0m
  ↳ /home/felix/.gem/ruby/2.5.0/bin/rake:23
  [1m[36mActiveRecord::InternalMetadata Create (0.7ms)[0m  [1m[32mINSERT INTO "ar_internal_metadata" ("key", "value", "created_at", "updated_at") VALUES (?, ?, ?, ?)[0m  [["key", "environment"], ["value", "development"], ["created_at", "2018-11-01 14:32:37.594694"], ["updated_at", "2018-11-01 14:32:37.594694"]]
  ↳ /home/felix/.gem/ruby/2.5.0/bin/rake:23
  [1m[35m (3.2ms)[0m  [1m[36mcommit transaction[0m
  ↳ /home/felix/.gem/ruby/2.5.0/bin/rake:23
  [1m[35m (0.4ms)[0m  [1m[34mSELECT "schema_migrations"."version" FROM "schema_migrations" ORDER BY "schema_migrations"."version" ASC[0m
  ↳ /home/felix/.gem/ruby/2.5.0/bin/rake:23
Started GET "/feedbacks" for 127.0.0.1 at 2018-11-01 17:04:28 +0100
  [1m[35m (0.1ms)[0m  [1m[34mSELECT "schema_migrations"."version" FROM "schema_migrations" ORDER BY "schema_migrations"."version" ASC[0m
  ↳ /usr/lib/ruby/gems/2.5.0/gems/web-console-3.7.0/lib/web_console/middleware.rb:135
Processing by FeedbacksController#index as HTML
  Rendering feedbacks/index.html.erb within layouts/application
  [1m[36mFeedback Load (0.2ms)[0m  [1m[34mSELECT "feedbacks".* FROM "feedbacks"[0m
  ↳ app/views/feedbacks/index.html.erb:18
  Rendered feedbacks/index.html.erb within layouts/application (3.8ms)
Completed 200 OK in 1171ms (Views: 1166.0ms | ActiveRecord: 0.4ms)


Started GET "/feedbacks/new" for 127.0.0.1 at 2018-11-01 17:04:54 +0100
Processing by FeedbacksController#new as HTML
  Rendering feedbacks/new.html.erb within layouts/application
  Rendered feedbacks/_form.html.erb (38.0ms)
  Rendered feedbacks/new.html.erb within layouts/application (40.6ms)
Completed 200 OK in 98ms (Views: 85.9ms | ActiveRecord: 0.6ms)


Started POST "/feedbacks" for 127.0.0.1 at 2018-11-01 17:05:18 +0100
Processing by FeedbacksController#create as HTML
  Parameters: {"utf8"=>"✓", "authenticity_token"=>"d1Bm8fPBGxb1CZZ8gRvBMXoJ+yg3XVD6zYIW3Ryp5BEXpZ+egX1Po4+ufgcod7wHFoW8nfzXk5GScd0BigxxlA==", "feedback"=>{"feedback_id"=>"", "situation"=>"awdawdjnka", "action"=>"", "impact_id"=>"", "anonymous"=>"0"}, "commit"=>"Create Feedback"}
  [1m[35m (0.2ms)[0m  [1m[36mbegin transaction[0m
  ↳ app/controllers/feedbacks_controller.rb:30
  [1m[36mFeedback Create (1.0ms)[0m  [1m[32mINSERT INTO "feedbacks" ("situation", "action", "anonymous", "created_at", "updated_at") VALUES (?, ?, ?, ?, ?)[0m  [["situation", "awdawdjnka"], ["action", ""], ["anonymous", 0], ["created_at", "2018-11-01 16:05:18.805172"], ["updated_at", "2018-11-01 16:05:18.805172"]]
  ↳ app/controllers/feedbacks_controller.rb:30
  [1m[35m (2.2ms)[0m  [1m[36mcommit transaction[0m
  ↳ app/controllers/feedbacks_controller.rb:30
Redirected to http://localhost:3000/feedbacks/1
Completed 302 Found in 13ms (ActiveRecord: 3.3ms)


Started GET "/feedbacks/1" for 127.0.0.1 at 2018-11-01 17:05:18 +0100
Processing by FeedbacksController#show as HTML
  Parameters: {"id"=>"1"}
  [1m[36mFeedback Load (0.3ms)[0m  [1m[34mSELECT  "feedbacks".* FROM "feedbacks" WHERE "feedbacks"."id" = ? LIMIT ?[0m  [["id", 1], ["LIMIT", 1]]
  ↳ app/controllers/feedbacks_controller.rb:67
  Rendering feedbacks/show.html.erb within layouts/application
  Rendered feedbacks/show.html.erb within layouts/application (1.4ms)
Completed 200 OK in 35ms (Views: 29.6ms | ActiveRecord: 0.3ms)


Started GET "/feedbacks" for 127.0.0.1 at 2018-11-01 17:05:25 +0100
Processing by FeedbacksController#index as HTML
  Rendering feedbacks/index.html.erb within layouts/application
  [1m[36mFeedback Load (0.3ms)[0m  [1m[34mSELECT "feedbacks".* FROM "feedbacks"[0m
  ↳ app/views/feedbacks/index.html.erb:18
  Rendered feedbacks/index.html.erb within layouts/application (3.1ms)
Completed 200 OK in 44ms (Views: 41.6ms | ActiveRecord: 0.3ms)


Started GET "/feedbacks/1/edit" for 127.0.0.1 at 2018-11-01 17:05:30 +0100
Processing by FeedbacksController#edit as HTML
  Parameters: {"id"=>"1"}
  [1m[36mFeedback Load (0.2ms)[0m  [1m[34mSELECT  "feedbacks".* FROM "feedbacks" WHERE "feedbacks"."id" = ? LIMIT ?[0m  [["id", 1], ["LIMIT", 1]]
  ↳ app/controllers/feedbacks_controller.rb:67
  Rendering feedbacks/edit.html.erb within layouts/application
  Rendered feedbacks/_form.html.erb (6.8ms)
  Rendered feedbacks/edit.html.erb within layouts/application (8.8ms)
Completed 200 OK in 51ms (Views: 48.9ms | ActiveRecord: 0.2ms)


Started PATCH "/feedbacks/1" for 127.0.0.1 at 2018-11-01 17:06:27 +0100
Processing by FeedbacksController#update as HTML
  Parameters: {"utf8"=>"✓", "authenticity_token"=>"1qHszJNEiSSgU2DhYSLivE2XMf7Y9mSpMi6eW0Z2zWpxtLMLlh9ZXYd4BWD7TAHsojulr/cM3MW2nfLCxDos2g==", "feedback"=>{"feedback_id"=>"0123", "situation"=>"When I saw you today", "action"=>"You smiled", "impact_id"=>"05", "anonymous"=>"1"}, "commit"=>"Update Feedback", "id"=>"1"}
  [1m[36mFeedback Load (0.4ms)[0m  [1m[34mSELECT  "feedbacks".* FROM "feedbacks" WHERE "feedbacks"."id" = ? LIMIT ?[0m  [["id", 1], ["LIMIT", 1]]
  ↳ app/controllers/feedbacks_controller.rb:67
  [1m[35m (0.1ms)[0m  [1m[36mbegin transaction[0m
  ↳ app/controllers/feedbacks_controller.rb:44
  [1m[36mFeedback Update (0.3ms)[0m  [1m[33mUPDATE "feedbacks" SET "feedback_id" = ?, "situation" = ?, "action" = ?, "impact_id" = ?, "anonymous" = ?, "updated_at" = ? WHERE "feedbacks"."id" = ?[0m  [["feedback_id", 123], ["situation", "When I saw you today"], ["action", "You smiled"], ["impact_id", 5], ["anonymous", 1], ["updated_at", "2018-11-01 16:06:27.698368"], ["id", 1]]
  ↳ app/controllers/feedbacks_controller.rb:44
  [1m[35m (3.3ms)[0m  [1m[36mcommit transaction[0m
  ↳ app/controllers/feedbacks_controller.rb:44
Redirected to http://localhost:3000/feedbacks/1
Completed 302 Found in 22ms (ActiveRecord: 4.1ms)


Started GET "/feedbacks/1" for 127.0.0.1 at 2018-11-01 17:06:27 +0100
Processing by FeedbacksController#show as HTML
  Parameters: {"id"=>"1"}
  [1m[36mFeedback Load (0.2ms)[0m  [1m[34mSELECT  "feedbacks".* FROM "feedbacks" WHERE "feedbacks"."id" = ? LIMIT ?[0m  [["id", 1], ["LIMIT", 1]]
  ↳ app/controllers/feedbacks_controller.rb:67
  Rendering feedbacks/show.html.erb within layouts/application
  Rendered feedbacks/show.html.erb within layouts/application (1.3ms)
Completed 200 OK in 35ms (Views: 32.7ms | ActiveRecord: 0.2ms)


Started GET "/feedbacks" for 127.0.0.1 at 2018-11-01 17:06:32 +0100
Processing by FeedbacksController#index as HTML
  Rendering feedbacks/index.html.erb within layouts/application
  [1m[36mFeedback Load (0.3ms)[0m  [1m[34mSELECT "feedbacks".* FROM "feedbacks"[0m
  ↳ app/views/feedbacks/index.html.erb:18
  Rendered feedbacks/index.html.erb within layouts/application (3.3ms)
Completed 200 OK in 51ms (Views: 49.2ms | ActiveRecord: 0.3ms)


Started GET "/feedbacks/1" for 127.0.0.1 at 2018-11-01 17:23:15 +0100
Processing by FeedbacksController#show as HTML
  Parameters: {"id"=>"1"}
  [1m[36mFeedback Load (0.3ms)[0m  [1m[34mSELECT  "feedbacks".* FROM "feedbacks" WHERE "feedbacks"."id" = ? LIMIT ?[0m  [["id", 1], ["LIMIT", 1]]
  ↳ app/controllers/feedbacks_controller.rb:67
  Rendering feedbacks/show.html.erb within layouts/application
  Rendered feedbacks/show.html.erb within layouts/application (2.2ms)
Completed 200 OK in 51ms (Views: 48.2ms | ActiveRecord: 0.3ms)


Started GET "/feedbacks" for 127.0.0.1 at 2018-11-01 17:23:43 +0100
  [1m[35m (0.3ms)[0m  [1m[34mSELECT "schema_migrations"."version" FROM "schema_migrations" ORDER BY "schema_migrations"."version" ASC[0m
  ↳ /usr/lib/ruby/gems/2.5.0/gems/web-console-3.7.0/lib/web_console/middleware.rb:135
Processing by FeedbacksController#index as HTML
  Rendering feedbacks/index.html.erb within layouts/application
  [1m[36mFeedback Load (0.2ms)[0m  [1m[34mSELECT "feedbacks".* FROM "feedbacks"[0m
  ↳ app/views/feedbacks/index.html.erb:18
  Rendered feedbacks/index.html.erb within layouts/application (11.2ms)
Completed 200 OK in 866ms (Views: 861.2ms | ActiveRecord: 0.8ms)


Started GET "/feedbacks" for 127.0.0.1 at 2018-11-01 17:49:47 +0100
  [1m[35m (0.5ms)[0m  [1m[34mSELECT "schema_migrations"."version" FROM "schema_migrations" ORDER BY "schema_migrations"."version" ASC[0m
  ↳ /usr/lib/ruby/gems/2.5.0/gems/web-console-3.7.0/lib/web_console/middleware.rb:135
Processing by FeedbacksController#index as HTML
  Rendering feedbacks/index.html.erb within layouts/application
  [1m[36mFeedback Load (0.3ms)[0m  [1m[34mSELECT "feedbacks".* FROM "feedbacks"[0m
  ↳ app/views/feedbacks/index.html.erb:18
  Rendered feedbacks/index.html.erb within layouts/application (11.1ms)
Completed 200 OK in 868ms (Views: 861.7ms | ActiveRecord: 1.1ms)


Started GET "/feedbacks/1" for 127.0.0.1 at 2018-11-01 17:49:54 +0100
Processing by FeedbacksController#show as HTML
  Parameters: {"id"=>"1"}
  [1m[36mFeedback Load (0.3ms)[0m  [1m[34mSELECT  "feedbacks".* FROM "feedbacks" WHERE "feedbacks"."id" = ? LIMIT ?[0m  [["id", 1], ["LIMIT", 1]]
  ↳ app/controllers/feedbacks_controller.rb:67
  Rendering feedbacks/show.html.erb within layouts/application
  Rendered feedbacks/show.html.erb within layouts/application (0.9ms)
Completed 200 OK in 46ms (Views: 34.7ms | ActiveRecord: 0.3ms)


Started GET "/feedbacks/1/edit" for 127.0.0.1 at 2018-11-01 17:49:56 +0100
Processing by FeedbacksController#edit as HTML
  Parameters: {"id"=>"1"}
  [1m[36mFeedback Load (0.2ms)[0m  [1m[34mSELECT  "feedbacks".* FROM "feedbacks" WHERE "feedbacks"."id" = ? LIMIT ?[0m  [["id", 1], ["LIMIT", 1]]
  ↳ app/controllers/feedbacks_controller.rb:67
  Rendering feedbacks/edit.html.erb within layouts/application
  Rendered feedbacks/_form.html.erb (14.7ms)
  Rendered feedbacks/edit.html.erb within layouts/application (16.7ms)
Completed 200 OK in 57ms (Views: 54.2ms | ActiveRecord: 0.2ms)


Started GET "/feedbacks" for 127.0.0.1 at 2018-11-02 12:54:58 +0100
  [1m[35m (0.7ms)[0m  [1m[34mSELECT "schema_migrations"."version" FROM "schema_migrations" ORDER BY "schema_migrations"."version" ASC[0m
  ↳ /usr/lib/ruby/gems/2.5.0/gems/web-console-3.7.0/lib/web_console/middleware.rb:135
Processing by FeedbacksController#index as HTML
  Rendering feedbacks/index.html.erb within layouts/application
  [1m[36mFeedback Load (0.4ms)[0m  [1m[34mSELECT "feedbacks".* FROM "feedbacks"[0m
  ↳ app/views/feedbacks/index.html.erb:18
  Rendered feedbacks/index.html.erb within layouts/application (17.4ms)
Completed 200 OK in 1534ms (Views: 1524.5ms | ActiveRecord: 1.3ms)


Started GET "/feedbacks/1" for 127.0.0.1 at 2018-11-02 12:55:05 +0100
Processing by FeedbacksController#show as HTML
  Parameters: {"id"=>"1"}
  [1m[36mFeedback Load (0.5ms)[0m  [1m[34mSELECT  "feedbacks".* FROM "feedbacks" WHERE "feedbacks"."id" = ? LIMIT ?[0m  [["id", 1], ["LIMIT", 1]]
  ↳ app/controllers/feedbacks_controller.rb:67
  Rendering feedbacks/show.html.erb within layouts/application
  Rendered feedbacks/show.html.erb within layouts/application (2.0ms)
Completed 200 OK in 71ms (Views: 62.8ms | ActiveRecord: 0.5ms)


Started GET "/feedbacks" for 127.0.0.1 at 2018-11-02 12:55:07 +0100
Processing by FeedbacksController#index as HTML
  Rendering feedbacks/index.html.erb within layouts/application
  [1m[36mFeedback Load (0.5ms)[0m  [1m[34mSELECT "feedbacks".* FROM "feedbacks"[0m
  ↳ app/views/feedbacks/index.html.erb:18
  Rendered feedbacks/index.html.erb within layouts/application (4.0ms)
Completed 200 OK in 63ms (Views: 60.1ms | ActiveRecord: 0.5ms)


Started GET "/feedback/1" for 127.0.0.1 at 2018-11-06 10:22:44 +0100
  [1m[35m (0.3ms)[0m  [1m[34mSELECT "schema_migrations"."version" FROM "schema_migrations" ORDER BY "schema_migrations"."version" ASC[0m
  ↳ /usr/lib/ruby/gems/2.5.0/gems/web-console-3.7.0/lib/web_console/middleware.rb:135
  
ActionController::RoutingError (No route matches [GET] "/feedback/1"):
  
actionpack (5.2.1) lib/action_dispatch/middleware/debug_exceptions.rb:65:in `call'
web-console (3.7.0) lib/web_console/middleware.rb:135:in `call_app'
web-console (3.7.0) lib/web_console/middleware.rb:30:in `block in call'
web-console (3.7.0) lib/web_console/middleware.rb:20:in `catch'
web-console (3.7.0) lib/web_console/middleware.rb:20:in `call'
actionpack (5.2.1) lib/action_dispatch/middleware/show_exceptions.rb:33:in `call'
railties (5.2.1) lib/rails/rack/logger.rb:38:in `call_app'
railties (5.2.1) lib/rails/rack/logger.rb:26:in `block in call'
activesupport (5.2.1) lib/active_support/tagged_logging.rb:71:in `block in tagged'
activesupport (5.2.1) lib/active_support/tagged_logging.rb:28:in `tagged'
activesupport (5.2.1) lib/active_support/tagged_logging.rb:71:in `tagged'
railties (5.2.1) lib/rails/rack/logger.rb:26:in `call'
sprockets-rails (3.2.1) lib/sprockets/rails/quiet_assets.rb:13:in `call'
actionpack (5.2.1) lib/action_dispatch/middleware/remote_ip.rb:81:in `call'
actionpack (5.2.1) lib/action_dispatch/middleware/request_id.rb:27:in `call'
rack (2.0.6) lib/rack/method_override.rb:22:in `call'
rack (2.0.6) lib/rack/runtime.rb:22:in `call'
activesupport (5.2.1) lib/active_support/cache/strategy/local_cache_middleware.rb:29:in `call'
actionpack (5.2.1) lib/action_dispatch/middleware/executor.rb:14:in `call'
actionpack (5.2.1) lib/action_dispatch/middleware/static.rb:127:in `call'
rack (2.0.6) lib/rack/sendfile.rb:111:in `call'
webpacker (3.5.5) lib/webpacker/dev_server_proxy.rb:22:in `perform_request'
rack-proxy (0.6.5) lib/rack/proxy.rb:57:in `call'
railties (5.2.1) lib/rails/engine.rb:524:in `call'
puma (3.12.0) lib/puma/configuration.rb:225:in `call'
puma (3.12.0) lib/puma/server.rb:658:in `handle_request'
puma (3.12.0) lib/puma/server.rb:472:in `process_client'
puma (3.12.0) lib/puma/server.rb:332:in `block in run'
puma (3.12.0) lib/puma/thread_pool.rb:133:in `block in spawn_thread'
Started GET "/feedbacks/1" for 127.0.0.1 at 2018-11-06 10:22:53 +0100
  
SyntaxError (/home/felix/Code/g16_sai/ruby-files/app/controllers/feedbacks_controller.rb:81: syntax error, unexpected end-of-input, expecting keyword_end):
  
app/controllers/feedbacks_controller.rb:81: syntax error, unexpected end-of-input, expecting keyword_end
Started GET "/feedbacks/1" for 127.0.0.1 at 2018-11-06 10:22:53 +0100
  
SyntaxError (/home/felix/Code/g16_sai/ruby-files/app/controllers/feedbacks_controller.rb:81: syntax error, unexpected end-of-input, expecting keyword_end):
  
app/controllers/feedbacks_controller.rb:81: syntax error, unexpected end-of-input, expecting keyword_end
Started GET "/feedbacks/1" for 127.0.0.1 at 2018-11-06 10:24:29 +0100
Started GET "/feedbacks/1" for 127.0.0.1 at 2018-11-06 10:24:39 +0100
Processing by FeedbacksController#show as HTML
  Parameters: {"id"=>"1"}
Completed 500 Internal Server Error in 117ms (ActiveRecord: 0.0ms)


  
NoMethodError (undefined method `set_feedback' for #<FeedbacksController:0x00007f8bfc2e7e78>):
  
activesupport (5.2.1) lib/active_support/callbacks.rb:426:in `block in make_lambda'
activesupport (5.2.1) lib/active_support/callbacks.rb:179:in `block (2 levels) in halting_and_conditional'
actionpack (5.2.1) lib/abstract_controller/callbacks.rb:34:in `block (2 levels) in <module:Callbacks>'
activesupport (5.2.1) lib/active_support/callbacks.rb:180:in `block in halting_and_conditional'
activesupport (5.2.1) lib/active_support/callbacks.rb:513:in `block in invoke_before'
activesupport (5.2.1) lib/active_support/callbacks.rb:513:in `each'
activesupport (5.2.1) lib/active_support/callbacks.rb:513:in `invoke_before'
activesupport (5.2.1) lib/active_support/callbacks.rb:131:in `run_callbacks'
actionpack (5.2.1) lib/abstract_controller/callbacks.rb:41:in `process_action'
actionpack (5.2.1) lib/action_controller/metal/rescue.rb:22:in `process_action'
actionpack (5.2.1) lib/action_controller/metal/instrumentation.rb:34:in `block in process_action'
activesupport (5.2.1) lib/active_support/notifications.rb:168:in `block in instrument'
activesupport (5.2.1) lib/active_support/notifications/instrumenter.rb:23:in `instrument'
activesupport (5.2.1) lib/active_support/notifications.rb:168:in `instrument'
actionpack (5.2.1) lib/action_controller/metal/instrumentation.rb:32:in `process_action'
actionpack (5.2.1) lib/action_controller/metal/params_wrapper.rb:256:in `process_action'
activerecord (5.2.1) lib/active_record/railties/controller_runtime.rb:24:in `process_action'
actionpack (5.2.1) lib/abstract_controller/base.rb:134:in `process'
actionview (5.2.1) lib/action_view/rendering.rb:32:in `process'
actionpack (5.2.1) lib/action_controller/metal.rb:191:in `dispatch'
actionpack (5.2.1) lib/action_controller/metal.rb:252:in `dispatch'
actionpack (5.2.1) lib/action_dispatch/routing/route_set.rb:52:in `dispatch'
actionpack (5.2.1) lib/action_dispatch/routing/route_set.rb:34:in `serve'
actionpack (5.2.1) lib/action_dispatch/journey/router.rb:52:in `block in serve'
actionpack (5.2.1) lib/action_dispatch/journey/router.rb:35:in `each'
actionpack (5.2.1) lib/action_dispatch/journey/router.rb:35:in `serve'
actionpack (5.2.1) lib/action_dispatch/routing/route_set.rb:840:in `call'
rack (2.0.6) lib/rack/tempfile_reaper.rb:15:in `call'
rack (2.0.6) lib/rack/etag.rb:25:in `call'
rack (2.0.6) lib/rack/conditional_get.rb:25:in `call'
rack (2.0.6) lib/rack/head.rb:12:in `call'
actionpack (5.2.1) lib/action_dispatch/http/content_security_policy.rb:18:in `call'
rack (2.0.6) lib/rack/session/abstract/id.rb:232:in `context'
rack (2.0.6) lib/rack/session/abstract/id.rb:226:in `call'
actionpack (5.2.1) lib/action_dispatch/middleware/cookies.rb:670:in `call'
activerecord (5.2.1) lib/active_record/migration.rb:559:in `call'
actionpack (5.2.1) lib/action_dispatch/middleware/callbacks.rb:28:in `block in call'
activesupport (5.2.1) lib/active_support/callbacks.rb:98:in `run_callbacks'
actionpack (5.2.1) lib/action_dispatch/middleware/callbacks.rb:26:in `call'
actionpack (5.2.1) lib/action_dispatch/middleware/executor.rb:14:in `call'
actionpack (5.2.1) lib/action_dispatch/middleware/debug_exceptions.rb:61:in `call'
web-console (3.7.0) lib/web_console/middleware.rb:135:in `call_app'
web-console (3.7.0) lib/web_console/middleware.rb:30:in `block in call'
web-console (3.7.0) lib/web_console/middleware.rb:20:in `catch'
web-console (3.7.0) lib/web_console/middleware.rb:20:in `call'
actionpack (5.2.1) lib/action_dispatch/middleware/show_exceptions.rb:33:in `call'
railties (5.2.1) lib/rails/rack/logger.rb:38:in `call_app'
railties (5.2.1) lib/rails/rack/logger.rb:26:in `block in call'
activesupport (5.2.1) lib/active_support/tagged_logging.rb:71:in `block in tagged'
activesupport (5.2.1) lib/active_support/tagged_logging.rb:28:in `tagged'
activesupport (5.2.1) lib/active_support/tagged_logging.rb:71:in `tagged'
railties (5.2.1) lib/rails/rack/logger.rb:26:in `call'
sprockets-rails (3.2.1) lib/sprockets/rails/quiet_assets.rb:13:in `call'
actionpack (5.2.1) lib/action_dispatch/middleware/remote_ip.rb:81:in `call'
actionpack (5.2.1) lib/action_dispatch/middleware/request_id.rb:27:in `call'
rack (2.0.6) lib/rack/method_override.rb:22:in `call'
rack (2.0.6) lib/rack/runtime.rb:22:in `call'
activesupport (5.2.1) lib/active_support/cache/strategy/local_cache_middleware.rb:29:in `call'
actionpack (5.2.1) lib/action_dispatch/middleware/executor.rb:14:in `call'
actionpack (5.2.1) lib/action_dispatch/middleware/static.rb:127:in `call'
rack (2.0.6) lib/rack/sendfile.rb:111:in `call'
webpacker (3.5.5) lib/webpacker/dev_server_proxy.rb:22:in `perform_request'
rack-proxy (0.6.5) lib/rack/proxy.rb:57:in `call'
railties (5.2.1) lib/rails/engine.rb:524:in `call'
puma (3.12.0) lib/puma/configuration.rb:225:in `call'
puma (3.12.0) lib/puma/server.rb:658:in `handle_request'
puma (3.12.0) lib/puma/server.rb:472:in `process_client'
puma (3.12.0) lib/puma/server.rb:332:in `block in run'
puma (3.12.0) lib/puma/thread_pool.rb:133:in `block in spawn_thread'
Processing by FeedbacksController#show as HTML
Started GET "/feedbacks/1" for 127.0.0.1 at 2018-11-06 10:24:39 +0100
  Parameters: {"id"=>"1"}
Processing by FeedbacksController#show as HTML
Completed 500 Internal Server Error in 101ms (ActiveRecord: 0.0ms)


  
  Parameters: {"id"=>"1"}
Started GET "/feedbacks/1" for 127.0.0.1 at 2018-11-06 10:24:39 +0100
NoMethodError (undefined method `set_feedback' for #<FeedbacksController:0x00007f8c0c191898>):
  
Completed 500 Internal Server Error in 179ms (ActiveRecord: 0.0ms)


  
Processing by FeedbacksController#show as HTML
  Parameters: {"id"=>"1"}
NoMethodError (undefined method `set_feedback' for #<FeedbacksController:0x00007f8c0c178c30>):
  
activesupport (5.2.1) lib/active_support/callbacks.rb:426:in `block in make_lambda'
activesupport (5.2.1) lib/active_support/callbacks.rb:179:in `block (2 levels) in halting_and_conditional'
actionpack (5.2.1) lib/abstract_controller/callbacks.rb:34:in `block (2 levels) in <module:Callbacks>'
activesupport (5.2.1) lib/active_support/callbacks.rb:180:in `block in halting_and_conditional'
activesupport (5.2.1) lib/active_support/callbacks.rb:513:in `block in invoke_before'
activesupport (5.2.1) lib/active_support/callbacks.rb:513:in `each'
activesupport (5.2.1) lib/active_support/callbacks.rb:513:in `invoke_before'
activesupport (5.2.1) lib/active_support/callbacks.rb:131:in `run_callbacks'
actionpack (5.2.1) lib/abstract_controller/callbacks.rb:41:in `process_action'
actionpack (5.2.1) lib/action_controller/metal/rescue.rb:22:in `process_action'
actionpack (5.2.1) lib/action_controller/metal/instrumentation.rb:34:in `block in process_action'
activesupport (5.2.1) lib/active_support/notifications.rb:168:in `block in instrument'
activesupport (5.2.1) lib/active_support/notifications/instrumenter.rb:23:in `instrument'
activesupport (5.2.1) lib/active_support/notifications.rb:168:in `instrument'
actionpack (5.2.1) lib/action_controller/metal/instrumentation.rb:32:in `process_action'
actionpack (5.2.1) lib/action_controller/metal/params_wrapper.rb:256:in `process_action'
activerecord (5.2.1) lib/active_record/railties/controller_runtime.rb:24:in `process_action'
actionpack (5.2.1) lib/abstract_controller/base.rb:134:in `process'
actionview (5.2.1) lib/action_view/rendering.rb:32:in `process'
actionpack (5.2.1) lib/action_controller/metal.rb:191:in `dispatch'
actionpack (5.2.1) lib/action_controller/metal.rb:252:in `dispatch'
actionpack (5.2.1) lib/action_dispatch/routing/route_set.rb:52:in `dispatch'
actionpack (5.2.1) lib/action_dispatch/routing/route_set.rb:34:in `serve'
actionpack (5.2.1) lib/action_dispatch/journey/router.rb:52:in `block in serve'
actionpack (5.2.1) lib/action_dispatch/journey/router.rb:35:in `each'
actionpack (5.2.1) lib/action_dispatch/journey/router.rb:35:in `serve'
actionpack (5.2.1) lib/action_dispatch/routing/route_set.rb:840:in `call'
rack (2.0.6) lib/rack/tempfile_reaper.rb:15:in `call'
rack (2.0.6) lib/rack/etag.rb:25:in `call'
rack (2.0.6) lib/rack/conditional_get.rb:25:in `call'
rack (2.0.6) lib/rack/head.rb:12:in `call'
actionpack (5.2.1) lib/action_dispatch/http/content_security_policy.rb:18:in `call'
rack (2.0.6) lib/rack/session/abstract/id.rb:232:in `context'
rack (2.0.6) lib/rack/session/abstract/id.rb:226:in `call'
actionpack (5.2.1) lib/action_dispatch/middleware/cookies.rb:670:in `call'
activerecord (5.2.1) lib/active_record/migration.rb:559:in `call'
actionpack (5.2.1) lib/action_dispatch/middleware/callbacks.rb:28:in `block in call'
activesupport (5.2.1) lib/active_support/callbacks.rb:98:in `run_callbacks'
actionpack (5.2.1) lib/action_dispatch/middleware/callbacks.rb:26:in `call'
actionpack (5.2.1) lib/action_dispatch/middleware/executor.rb:14:in `call'
actionpack (5.2.1) lib/action_dispatch/middleware/debug_exceptions.rb:61:in `call'
web-console (3.7.0) lib/web_console/middleware.rb:135:in `call_app'
web-console (3.7.0) lib/web_console/middleware.rb:30:in `block in call'
web-console (3.7.0) lib/web_console/middleware.rb:20:in `catch'
web-console (3.7.0) lib/web_console/middleware.rb:20:in `call'
actionpack (5.2.1) lib/action_dispatch/middleware/show_exceptions.rb:33:in `call'
railties (5.2.1) lib/rails/rack/logger.rb:38:in `call_app'
railties (5.2.1) lib/rails/rack/logger.rb:26:in `block in call'
activesupport (5.2.1) lib/active_support/tagged_logging.rb:71:in `block in tagged'
activesupport (5.2.1) lib/active_support/tagged_logging.rb:28:in `tagged'
activesupport (5.2.1) lib/active_support/tagged_logging.rb:71:in `tagged'
railties (5.2.1) lib/rails/rack/logger.rb:26:in `call'
sprockets-rails (3.2.1) lib/sprockets/rails/quiet_assets.rb:13:in `call'
actionpack (5.2.1) lib/action_dispatch/middleware/remote_ip.rb:81:in `call'
actionpack (5.2.1) lib/action_dispatch/middleware/request_id.rb:27:in `call'
rack (2.0.6) lib/rack/method_override.rb:22:in `call'
rack (2.0.6) lib/rack/runtime.rb:22:in `call'
activesupport (5.2.1) lib/active_support/cache/strategy/local_cache_middleware.rb:29:in `call'
actionpack (5.2.1) lib/action_dispatch/middleware/executor.rb:14:in `call'
actionpack (5.2.1) lib/action_dispatch/middleware/static.rb:127:in `call'
rack (2.0.6) lib/rack/sendfile.rb:111:in `call'
webpacker (3.5.5) lib/webpacker/dev_server_proxy.rb:22:in `perform_request'
rack-proxy (0.6.5) lib/rack/proxy.rb:57:in `call'
railties (5.2.1) lib/rails/engine.rb:524:in `call'
puma (3.12.0) lib/puma/configuration.rb:225:in `call'
puma (3.12.0) lib/puma/server.rb:658:in `handle_request'
puma (3.12.0) lib/puma/server.rb:472:in `process_client'
puma (3.12.0) lib/puma/server.rb:332:in `block in run'
puma (3.12.0) lib/puma/thread_pool.rb:133:in `block in spawn_thread'
activesupport (5.2.1) lib/active_support/callbacks.rb:426:in `block in make_lambda'
activesupport (5.2.1) lib/active_support/callbacks.rb:179:in `block (2 levels) in halting_and_conditional'
actionpack (5.2.1) lib/abstract_controller/callbacks.rb:34:in `block (2 levels) in <module:Callbacks>'
activesupport (5.2.1) lib/active_support/callbacks.rb:180:in `block in halting_and_conditional'
activesupport (5.2.1) lib/active_support/callbacks.rb:513:in `block in invoke_before'
activesupport (5.2.1) lib/active_support/callbacks.rb:513:in `each'
activesupport (5.2.1) lib/active_support/callbacks.rb:513:in `invoke_before'
activesupport (5.2.1) lib/active_support/callbacks.rb:131:in `run_callbacks'
actionpack (5.2.1) lib/abstract_controller/callbacks.rb:41:in `process_action'
actionpack (5.2.1) lib/action_controller/metal/rescue.rb:22:in `process_action'
actionpack (5.2.1) lib/action_controller/metal/instrumentation.rb:34:in `block in process_action'
activesupport (5.2.1) lib/active_support/notifications.rb:168:in `block in instrument'
activesupport (5.2.1) lib/active_support/notifications/instrumenter.rb:23:in `instrument'
activesupport (5.2.1) lib/active_support/notifications.rb:168:in `instrument'
actionpack (5.2.1) lib/action_controller/metal/instrumentation.rb:32:in `process_action'
actionpack (5.2.1) lib/action_controller/metal/params_wrapper.rb:256:in `process_action'
activerecord (5.2.1) lib/active_record/railties/controller_runtime.rb:24:in `process_action'
actionpack (5.2.1) lib/abstract_controller/base.rb:134:in `process'
actionview (5.2.1) lib/action_view/rendering.rb:32:in `process'
actionpack (5.2.1) lib/action_controller/metal.rb:191:in `dispatch'
actionpack (5.2.1) lib/action_controller/metal.rb:252:in `dispatch'
actionpack (5.2.1) lib/action_dispatch/routing/route_set.rb:52:in `dispatch'
actionpack (5.2.1) lib/action_dispatch/routing/route_set.rb:34:in `serve'
actionpack (5.2.1) lib/action_dispatch/journey/router.rb:52:in `block in serve'
actionpack (5.2.1) lib/action_dispatch/journey/router.rb:35:in `each'
actionpack (5.2.1) lib/action_dispatch/journey/router.rb:35:in `serve'
actionpack (5.2.1) lib/action_dispatch/routing/route_set.rb:840:in `call'
rack (2.0.6) lib/rack/tempfile_reaper.rb:15:in `call'
rack (2.0.6) lib/rack/etag.rb:25:in `call'
rack (2.0.6) lib/rack/conditional_get.rb:25:in `call'
rack (2.0.6) lib/rack/head.rb:12:in `call'
actionpack (5.2.1) lib/action_dispatch/http/content_security_policy.rb:18:in `call'
rack (2.0.6) lib/rack/session/abstract/id.rb:232:in `context'
rack (2.0.6) lib/rack/session/abstract/id.rb:226:in `call'
actionpack (5.2.1) lib/action_dispatch/middleware/cookies.rb:670:in `call'
activerecord (5.2.1) lib/active_record/migration.rb:559:in `call'
actionpack (5.2.1) lib/action_dispatch/middleware/callbacks.rb:28:in `block in call'
activesupport (5.2.1) lib/active_support/callbacks.rb:98:in `run_callbacks'
actionpack (5.2.1) lib/action_dispatch/middleware/callbacks.rb:26:in `call'
actionpack (5.2.1) lib/action_dispatch/middleware/executor.rb:14:in `call'
actionpack (5.2.1) lib/action_dispatch/middleware/debug_exceptions.rb:61:in `call'
web-console (3.7.0) lib/web_console/middleware.rb:135:in `call_app'
web-console (3.7.0) lib/web_console/middleware.rb:30:in `block in call'
web-console (3.7.0) lib/web_console/middleware.rb:20:in `catch'
web-console (3.7.0) lib/web_console/middleware.rb:20:in `call'
actionpack (5.2.1) lib/action_dispatch/middleware/show_exceptions.rb:33:in `call'
railties (5.2.1) lib/rails/rack/logger.rb:38:in `call_app'
railties (5.2.1) lib/rails/rack/logger.rb:26:in `block in call'
activesupport (5.2.1) lib/active_support/tagged_logging.rb:71:in `block in tagged'
activesupport (5.2.1) lib/active_support/tagged_logging.rb:28:in `tagged'
activesupport (5.2.1) lib/active_support/tagged_logging.rb:71:in `tagged'
railties (5.2.1) lib/rails/rack/logger.rb:26:in `call'
sprockets-rails (3.2.1) lib/sprockets/rails/quiet_assets.rb:13:in `call'
actionpack (5.2.1) lib/action_dispatch/middleware/remote_ip.rb:81:in `call'
actionpack (5.2.1) lib/action_dispatch/middleware/request_id.rb:27:in `call'
rack (2.0.6) lib/rack/method_override.rb:22:in `call'
rack (2.0.6) lib/rack/runtime.rb:22:in `call'
activesupport (5.2.1) lib/active_support/cache/strategy/local_cache_middleware.rb:29:in `call'
actionpack (5.2.1) lib/action_dispatch/middleware/executor.rb:14:in `call'
actionpack (5.2.1) lib/action_dispatch/middleware/static.rb:127:in `call'
rack (2.0.6) lib/rack/sendfile.rb:111:in `call'
webpacker (3.5.5) lib/webpacker/dev_server_proxy.rb:22:in `perform_request'
rack-proxy (0.6.5) lib/rack/proxy.rb:57:in `call'
railties (5.2.1) lib/rails/engine.rb:524:in `call'
puma (3.12.0) lib/puma/configuration.rb:225:in `call'
puma (3.12.0) lib/puma/server.rb:658:in `handle_request'
puma (3.12.0) lib/puma/server.rb:472:in `process_client'
puma (3.12.0) lib/puma/server.rb:332:in `block in run'
puma (3.12.0) lib/puma/thread_pool.rb:133:in `block in spawn_thread'
Completed 500 Internal Server Error in 153ms (ActiveRecord: 0.0ms)


  
NoMethodError (undefined method `set_feedback' for #<FeedbacksController:0x00007f8c0c077d68>):
  
activesupport (5.2.1) lib/active_support/callbacks.rb:426:in `block in make_lambda'
activesupport (5.2.1) lib/active_support/callbacks.rb:179:in `block (2 levels) in halting_and_conditional'
actionpack (5.2.1) lib/abstract_controller/callbacks.rb:34:in `block (2 levels) in <module:Callbacks>'
activesupport (5.2.1) lib/active_support/callbacks.rb:180:in `block in halting_and_conditional'
activesupport (5.2.1) lib/active_support/callbacks.rb:513:in `block in invoke_before'
activesupport (5.2.1) lib/active_support/callbacks.rb:513:in `each'
activesupport (5.2.1) lib/active_support/callbacks.rb:513:in `invoke_before'
activesupport (5.2.1) lib/active_support/callbacks.rb:131:in `run_callbacks'
actionpack (5.2.1) lib/abstract_controller/callbacks.rb:41:in `process_action'
actionpack (5.2.1) lib/action_controller/metal/rescue.rb:22:in `process_action'
actionpack (5.2.1) lib/action_controller/metal/instrumentation.rb:34:in `block in process_action'
activesupport (5.2.1) lib/active_support/notifications.rb:168:in `block in instrument'
activesupport (5.2.1) lib/active_support/notifications/instrumenter.rb:23:in `instrument'
activesupport (5.2.1) lib/active_support/notifications.rb:168:in `instrument'
actionpack (5.2.1) lib/action_controller/metal/instrumentation.rb:32:in `process_action'
actionpack (5.2.1) lib/action_controller/metal/params_wrapper.rb:256:in `process_action'
activerecord (5.2.1) lib/active_record/railties/controller_runtime.rb:24:in `process_action'
actionpack (5.2.1) lib/abstract_controller/base.rb:134:in `process'
actionview (5.2.1) lib/action_view/rendering.rb:32:in `process'
actionpack (5.2.1) lib/action_controller/metal.rb:191:in `dispatch'
actionpack (5.2.1) lib/action_controller/metal.rb:252:in `dispatch'
actionpack (5.2.1) lib/action_dispatch/routing/route_set.rb:52:in `dispatch'
actionpack (5.2.1) lib/action_dispatch/routing/route_set.rb:34:in `serve'
actionpack (5.2.1) lib/action_dispatch/journey/router.rb:52:in `block in serve'
actionpack (5.2.1) lib/action_dispatch/journey/router.rb:35:in `each'
actionpack (5.2.1) lib/action_dispatch/journey/router.rb:35:in `serve'
actionpack (5.2.1) lib/action_dispatch/routing/route_set.rb:840:in `call'
rack (2.0.6) lib/rack/tempfile_reaper.rb:15:in `call'
rack (2.0.6) lib/rack/etag.rb:25:in `call'
rack (2.0.6) lib/rack/conditional_get.rb:25:in `call'
rack (2.0.6) lib/rack/head.rb:12:in `call'
actionpack (5.2.1) lib/action_dispatch/http/content_security_policy.rb:18:in `call'
rack (2.0.6) lib/rack/session/abstract/id.rb:232:in `context'
rack (2.0.6) lib/rack/session/abstract/id.rb:226:in `call'
actionpack (5.2.1) lib/action_dispatch/middleware/cookies.rb:670:in `call'
activerecord (5.2.1) lib/active_record/migration.rb:559:in `call'
actionpack (5.2.1) lib/action_dispatch/middleware/callbacks.rb:28:in `block in call'
activesupport (5.2.1) lib/active_support/callbacks.rb:98:in `run_callbacks'
actionpack (5.2.1) lib/action_dispatch/middleware/callbacks.rb:26:in `call'
actionpack (5.2.1) lib/action_dispatch/middleware/executor.rb:14:in `call'
actionpack (5.2.1) lib/action_dispatch/middleware/debug_exceptions.rb:61:in `call'
web-console (3.7.0) lib/web_console/middleware.rb:135:in `call_app'
web-console (3.7.0) lib/web_console/middleware.rb:30:in `block in call'
web-console (3.7.0) lib/web_console/middleware.rb:20:in `catch'
web-console (3.7.0) lib/web_console/middleware.rb:20:in `call'
actionpack (5.2.1) lib/action_dispatch/middleware/show_exceptions.rb:33:in `call'
railties (5.2.1) lib/rails/rack/logger.rb:38:in `call_app'
railties (5.2.1) lib/rails/rack/logger.rb:26:in `block in call'
activesupport (5.2.1) lib/active_support/tagged_logging.rb:71:in `block in tagged'
activesupport (5.2.1) lib/active_support/tagged_logging.rb:28:in `tagged'
activesupport (5.2.1) lib/active_support/tagged_logging.rb:71:in `tagged'
railties (5.2.1) lib/rails/rack/logger.rb:26:in `call'
sprockets-rails (3.2.1) lib/sprockets/rails/quiet_assets.rb:13:in `call'
actionpack (5.2.1) lib/action_dispatch/middleware/remote_ip.rb:81:in `call'
actionpack (5.2.1) lib/action_dispatch/middleware/request_id.rb:27:in `call'
rack (2.0.6) lib/rack/method_override.rb:22:in `call'
rack (2.0.6) lib/rack/runtime.rb:22:in `call'
activesupport (5.2.1) lib/active_support/cache/strategy/local_cache_middleware.rb:29:in `call'
actionpack (5.2.1) lib/action_dispatch/middleware/executor.rb:14:in `call'
actionpack (5.2.1) lib/action_dispatch/middleware/static.rb:127:in `call'
rack (2.0.6) lib/rack/sendfile.rb:111:in `call'
webpacker (3.5.5) lib/webpacker/dev_server_proxy.rb:22:in `perform_request'
rack-proxy (0.6.5) lib/rack/proxy.rb:57:in `call'
railties (5.2.1) lib/rails/engine.rb:524:in `call'
puma (3.12.0) lib/puma/configuration.rb:225:in `call'
puma (3.12.0) lib/puma/server.rb:658:in `handle_request'
puma (3.12.0) lib/puma/server.rb:472:in `process_client'
puma (3.12.0) lib/puma/server.rb:332:in `block in run'
puma (3.12.0) lib/puma/thread_pool.rb:133:in `block in spawn_thread'
Started GET "/feedbacks/1" for 127.0.0.1 at 2018-11-06 10:25:35 +0100
  
SyntaxError (/home/felix/Code/g16_sai/ruby-files/app/controllers/feedbacks_controller.rb:81: syntax error, unexpected end-of-input, expecting keyword_end):
  
app/controllers/feedbacks_controller.rb:81: syntax error, unexpected end-of-input, expecting keyword_end
Started GET "/feedbacks/1" for 127.0.0.1 at 2018-11-06 10:26:40 +0100
Processing by FeedbacksController#show as HTML
  Parameters: {"id"=>"1"}
  [1m[36mFeedback Load (0.5ms)[0m  [1m[34mSELECT  "feedbacks".* FROM "feedbacks" WHERE "feedbacks"."id" = ? LIMIT ?[0m  [["id", 1], ["LIMIT", 1]]
  ↳ app/controllers/feedbacks_controller.rb:75
  Rendering feedbacks/show.html.erb within layouts/application
  Rendered feedbacks/show.html.erb within layouts/application (1.6ms)
Completed 200 OK in 1350ms (Views: 1333.3ms | ActiveRecord: 1.3ms)


Started GET "/feedbacks/2" for 127.0.0.1 at 2018-11-06 10:26:47 +0100
Processing by FeedbacksController#show as HTML
  Parameters: {"id"=>"2"}
  [1m[36mFeedback Load (0.4ms)[0m  [1m[34mSELECT  "feedbacks".* FROM "feedbacks" WHERE "feedbacks"."id" = ? LIMIT ?[0m  [["id", 2], ["LIMIT", 1]]
  ↳ app/controllers/feedbacks_controller.rb:75
Completed 404 Not Found in 3ms (ActiveRecord: 0.4ms)


  
ActiveRecord::RecordNotFound (Couldn't find Feedback with 'id'=2):
  
app/controllers/feedbacks_controller.rb:75:in `set_feedback'
Started GET "/feedbacks/" for 127.0.0.1 at 2018-11-06 10:26:54 +0100
Processing by FeedbacksController#index as HTML
  Rendering feedbacks/index.html.erb within layouts/application
  [1m[36mFeedback Load (0.3ms)[0m  [1m[34mSELECT "feedbacks".* FROM "feedbacks"[0m
  ↳ app/views/feedbacks/index.html.erb:18
  Rendered feedbacks/index.html.erb within layouts/application (3.8ms)
Completed 200 OK in 40ms (Views: 37.1ms | ActiveRecord: 0.3ms)


Started GET "/feedbacks/1" for 127.0.0.1 at 2018-11-06 10:27:00 +0100
Processing by FeedbacksController#show as HTML
  Parameters: {"id"=>"1"}
  [1m[36mFeedback Load (0.4ms)[0m  [1m[34mSELECT  "feedbacks".* FROM "feedbacks" WHERE "feedbacks"."id" = ? LIMIT ?[0m  [["id", 1], ["LIMIT", 1]]
  ↳ app/controllers/feedbacks_controller.rb:75
  Rendering feedbacks/show.html.erb within layouts/application
  Rendered feedbacks/show.html.erb within layouts/application (1.2ms)
Completed 200 OK in 36ms (Views: 31.2ms | ActiveRecord: 0.4ms)


Started GET "/feedbacks/1" for 127.0.0.1 at 2018-11-06 10:29:45 +0100
Processing by FeedbacksController#show as HTML
  Parameters: {"id"=>"1"}
  [1m[36mFeedback Load (0.4ms)[0m  [1m[34mSELECT  "feedbacks".* FROM "feedbacks" WHERE "feedbacks"."id" = ? LIMIT ?[0m  [["id", 1], ["LIMIT", 1]]
  ↳ app/controllers/feedbacks_controller.rb:75
  Rendering feedbacks/show.html.erb within layouts/application
  Rendered feedbacks/show.html.erb within layouts/application (1.6ms)
Completed 200 OK in 43ms (Views: 27.1ms | ActiveRecord: 1.3ms)


Started GET "/feedbacks" for 127.0.0.1 at 2018-11-06 10:29:50 +0100
Processing by FeedbacksController#index as HTML
  Rendering feedbacks/index.html.erb within layouts/application
  [1m[36mFeedback Load (0.4ms)[0m  [1m[34mSELECT "feedbacks".* FROM "feedbacks"[0m
  ↳ app/views/feedbacks/index.html.erb:18
  Rendered feedbacks/index.html.erb within layouts/application (7.0ms)
Completed 200 OK in 61ms (Views: 58.1ms | ActiveRecord: 0.4ms)


Started GET "/feedbacks/new" for 127.0.0.1 at 2018-11-06 10:29:52 +0100
Processing by FeedbacksController#new as HTML
  Rendering feedbacks/new.html.erb within layouts/application
  Rendered feedbacks/_form.html.erb (20.4ms)
  Rendered feedbacks/new.html.erb within layouts/application (24.9ms)
Completed 200 OK in 82ms (Views: 78.4ms | ActiveRecord: 0.0ms)


Started POST "/feedbacks" for 127.0.0.1 at 2018-11-06 10:30:28 +0100
Processing by FeedbacksController#create as HTML
  Parameters: {"utf8"=>"✓", "authenticity_token"=>"S9jmTM4nWpVLEC7MLs8CBtGe/PnEMHBoyTFc1c3Tb5IrLR8jvJsOIDG3xreHo38wvRK7TA+6swOWwpcJW3b6Fw==", "feedback"=>{"feedback_id"=>"213", "situation"=>"this night", "action"=>"when I worked", "impact_id"=>"12", "anonymous"=>"1"}, "commit"=>"Create Feedback"}
  [1m[35m (0.1ms)[0m  [1m[36mbegin transaction[0m
  ↳ app/controllers/feedbacks_controller.rb:34
  [1m[36mFeedback Create (1.1ms)[0m  [1m[32mINSERT INTO "feedbacks" ("feedback_id", "situation", "action", "impact_id", "anonymous", "created_at", "updated_at") VALUES (?, ?, ?, ?, ?, ?, ?)[0m  [["feedback_id", 213], ["situation", "this night"], ["action", "when I worked"], ["impact_id", 12], ["anonymous", 1], ["created_at", "2018-11-06 09:30:28.338935"], ["updated_at", "2018-11-06 09:30:28.338935"]]
  ↳ app/controllers/feedbacks_controller.rb:34
  [1m[35m (3.1ms)[0m  [1m[36mcommit transaction[0m
  ↳ app/controllers/feedbacks_controller.rb:34
Redirected to http://localhost:3000/feedbacks/2
Completed 302 Found in 17ms (ActiveRecord: 4.4ms)


Started GET "/feedbacks/2" for 127.0.0.1 at 2018-11-06 10:30:28 +0100
Processing by FeedbacksController#show as HTML
  Parameters: {"id"=>"2"}
  [1m[36mFeedback Load (0.3ms)[0m  [1m[34mSELECT  "feedbacks".* FROM "feedbacks" WHERE "feedbacks"."id" = ? LIMIT ?[0m  [["id", 2], ["LIMIT", 1]]
  ↳ app/controllers/feedbacks_controller.rb:75
  Rendering feedbacks/show.html.erb within layouts/application
  Rendered feedbacks/show.html.erb within layouts/application (2.7ms)
Completed 200 OK in 45ms (Views: 40.4ms | ActiveRecord: 0.3ms)


Started GET "/feedbacks/1" for 127.0.0.1 at 2018-11-06 10:57:04 +0100
Processing by FeedbacksController#show as HTML
  Parameters: {"id"=>"1"}
  [1m[36mFeedback Load (0.3ms)[0m  [1m[34mSELECT  "feedbacks".* FROM "feedbacks" WHERE "feedbacks"."id" = ? LIMIT ?[0m  [["id", 1], ["LIMIT", 1]]
  ↳ app/controllers/feedbacks_controller.rb:75
  Rendering feedbacks/show.html.erb within layouts/application
  Rendered feedbacks/show.html.erb within layouts/application (1.7ms)
Completed 200 OK in 56ms (Views: 39.6ms | ActiveRecord: 1.3ms)


Started GET "/feedbacks/2" for 127.0.0.1 at 2018-11-06 10:57:09 +0100
Processing by FeedbacksController#show as HTML
  Parameters: {"id"=>"2"}
  [1m[36mFeedback Load (0.2ms)[0m  [1m[34mSELECT  "feedbacks".* FROM "feedbacks" WHERE "feedbacks"."id" = ? LIMIT ?[0m  [["id", 2], ["LIMIT", 1]]
  ↳ app/controllers/feedbacks_controller.rb:75
  Rendering feedbacks/show.html.erb within layouts/application
  Rendered feedbacks/show.html.erb within layouts/application (1.1ms)
Completed 200 OK in 36ms (Views: 33.8ms | ActiveRecord: 0.2ms)


Started GET "/feedbacks/2:feedback_id" for 127.0.0.1 at 2018-11-06 11:01:47 +0100
Processing by FeedbacksController#show as HTML
  Parameters: {"id"=>"2:feedback_id"}
  [1m[36mFeedback Load (0.2ms)[0m  [1m[34mSELECT  "feedbacks".* FROM "feedbacks" WHERE "feedbacks"."id" = ? LIMIT ?[0m  [["id", 2], ["LIMIT", 1]]
  ↳ app/controllers/feedbacks_controller.rb:75
  Rendering feedbacks/show.html.erb within layouts/application
  Rendered feedbacks/show.html.erb within layouts/application (1.1ms)
Completed 200 OK in 29ms (Views: 27.0ms | ActiveRecord: 0.2ms)


Started GET "/feedbacks" for 127.0.0.1 at 2018-11-06 11:15:48 +0100
Processing by FeedbacksController#index as HTML
  Rendering feedbacks/index.html.erb within layouts/application
  [1m[36mFeedback Load (0.3ms)[0m  [1m[34mSELECT "feedbacks".* FROM "feedbacks"[0m
  ↳ app/views/feedbacks/index.html.erb:18
  Rendered feedbacks/index.html.erb within layouts/application (4.6ms)
Completed 200 OK in 48ms (Views: 45.7ms | ActiveRecord: 0.3ms)


Started GET "/feedbacks/1" for 127.0.0.1 at 2018-11-06 11:15:50 +0100
Processing by FeedbacksController#show as HTML
  Parameters: {"id"=>"1"}
  [1m[36mFeedback Load (0.3ms)[0m  [1m[34mSELECT  "feedbacks".* FROM "feedbacks" WHERE "feedbacks"."id" = ? LIMIT ?[0m  [["id", 1], ["LIMIT", 1]]
  ↳ app/controllers/feedbacks_controller.rb:75
  Rendering feedbacks/show.html.erb within layouts/application
  Rendered feedbacks/show.html.erb within layouts/application (1.4ms)
Completed 200 OK in 42ms (Views: 38.3ms | ActiveRecord: 0.3ms)


Started GET "/users" for 127.0.0.1 at 2018-11-06 11:15:57 +0100
Processing by UsersController#index as HTML
  Rendering users/index.html.erb within layouts/application
  [1m[36mUser Load (0.2ms)[0m  [1m[34mSELECT "users".* FROM "users"[0m
  ↳ app/views/users/index.html.erb:17
  Rendered users/index.html.erb within layouts/application (2.8ms)
Completed 200 OK in 32ms (Views: 28.7ms | ActiveRecord: 0.5ms)


Started GET "/feedbacks" for 127.0.0.1 at 2018-11-06 11:25:48 +0100
Processing by FeedbacksController#index as HTML
  Rendering feedbacks/index.html.erb within layouts/application
  [1m[36mFeedback Load (0.3ms)[0m  [1m[34mSELECT "feedbacks".* FROM "feedbacks"[0m
  ↳ app/views/feedbacks/index.html.erb:18
  Rendered feedbacks/index.html.erb within layouts/application (13.8ms)
Completed 200 OK in 46ms (Views: 38.9ms | ActiveRecord: 1.3ms)


Started GET "/feedbacks/new" for 127.0.0.1 at 2018-11-06 11:25:50 +0100
Processing by FeedbacksController#new as HTML
  Rendering feedbacks/new.html.erb within layouts/application
  Rendered feedbacks/_form.html.erb (7.4ms)
  Rendered feedbacks/new.html.erb within layouts/application (9.3ms)
Completed 200 OK in 52ms (Views: 49.8ms | ActiveRecord: 0.0ms)


Started POST "/feedbacks" for 127.0.0.1 at 2018-11-06 11:27:00 +0100
Processing by FeedbacksController#create as HTML
  Parameters: {"utf8"=>"✓", "authenticity_token"=>"Il4Bh2uEHclo1eKQtPMZG458AEPtQ13HM5pZedoktXtCq/joGThJfBJyCusdn2Qt4vBH9ibJnqxsaZKlTIEg/g==", "feedback"=>{"feedback_id"=>"01", "situation"=>"At the end of worlds", "action"=>"everything will burn", "impact_id"=>"20", "anonymous"=>"1"}, "commit"=>"Create Feedback"}
  [1m[35m (0.1ms)[0m  [1m[36mbegin transaction[0m
  ↳ app/controllers/feedbacks_controller.rb:34
  [1m[36mFeedback Create (0.4ms)[0m  [1m[32mINSERT INTO "feedbacks" ("feedback_id", "situation", "action", "impact_id", "anonymous", "created_at", "updated_at") VALUES (?, ?, ?, ?, ?, ?, ?)[0m  [["feedback_id", 1], ["situation", "At the end of worlds"], ["action", "everything will burn"], ["impact_id", 20], ["anonymous", 1], ["created_at", "2018-11-06 10:27:00.020130"], ["updated_at", "2018-11-06 10:27:00.020130"]]
  ↳ app/controllers/feedbacks_controller.rb:34
  [1m[35m (0.3ms)[0m  [1m[31mrollback transaction[0m
  ↳ app/controllers/feedbacks_controller.rb:34
  [1m[36mFeedback Load (0.2ms)[0m  [1m[34mSELECT  "feedbacks".* FROM "feedbacks" LIMIT ?[0m  [["LIMIT", 11]]
  ↳ /usr/lib/ruby/gems/2.5.0/gems/rack-2.0.6/lib/rack/tempfile_reaper.rb:15
Completed 500 Internal Server Error in 10ms (ActiveRecord: 0.8ms)


  
  [1m[36mCACHE Feedback Load (0.0ms)[0m  [1m[34mSELECT  "feedbacks".* FROM "feedbacks" LIMIT ?[0m  [["LIMIT", 11]]
  ↳ /usr/lib/ruby/gems/2.5.0/gems/web-console-3.7.0/lib/web_console/extensions.rb:28
NoMethodError (undefined method `ech' for #<Feedback::ActiveRecord_Relation:0x000055b2c009ec28>):
  
app/models/feedback.rb:7:in `write_json'
app/controllers/feedbacks_controller.rb:34:in `block in create'
app/controllers/feedbacks_controller.rb:33:in `create'
Started POST "/__web_console/repl_sessions/42130af1ff6cab4bb28e14ea808e28b6/trace" for 127.0.0.1 at 2018-11-06 11:27:14 +0100
Started POST "/feedbacks" for 127.0.0.1 at 2018-11-06 11:27:16 +0100
Processing by FeedbacksController#create as HTML
  Parameters: {"utf8"=>"✓", "authenticity_token"=>"Jor6QR6mo8vKjDte5Ux7usVMSxk2xTNZfkIdV8Z/G3/SZC9CDx/voIPXxqHhnXyhB/0fapXbX9UwIBnNplKqXg==", "feedback"=>{"feedback_id"=>"01", "situation"=>"At the end of worlds", "action"=>"everything will burn", "impact_id"=>"20", "anonymous"=>"1"}, "commit"=>"Create Feedback"}
  [1m[35m (0.1ms)[0m  [1m[36mbegin transaction[0m
  ↳ app/controllers/feedbacks_controller.rb:34
  [1m[36mFeedback Create (0.3ms)[0m  [1m[32mINSERT INTO "feedbacks" ("feedback_id", "situation", "action", "impact_id", "anonymous", "created_at", "updated_at") VALUES (?, ?, ?, ?, ?, ?, ?)[0m  [["feedback_id", 1], ["situation", "At the end of worlds"], ["action", "everything will burn"], ["impact_id", 20], ["anonymous", 1], ["created_at", "2018-11-06 10:27:16.947583"], ["updated_at", "2018-11-06 10:27:16.947583"]]
  ↳ app/controllers/feedbacks_controller.rb:34
  [1m[36mFeedback Load (0.2ms)[0m  [1m[34mSELECT "feedbacks".* FROM "feedbacks"[0m
  ↳ app/models/feedback.rb:7
  [1m[35m (3.3ms)[0m  [1m[36mcommit transaction[0m
  ↳ app/controllers/feedbacks_controller.rb:34
Redirected to http://localhost:3000/feedbacks/3
Completed 302 Found in 22ms (ActiveRecord: 4.4ms)


Started GET "/feedbacks/3" for 127.0.0.1 at 2018-11-06 11:27:16 +0100
Processing by FeedbacksController#show as HTML
  Parameters: {"id"=>"3"}
  [1m[36mFeedback Load (0.2ms)[0m  [1m[34mSELECT  "feedbacks".* FROM "feedbacks" WHERE "feedbacks"."id" = ? LIMIT ?[0m  [["id", 3], ["LIMIT", 1]]
  ↳ app/controllers/feedbacks_controller.rb:75
  Rendering feedbacks/show.html.erb within layouts/application
  Rendered feedbacks/show.html.erb within layouts/application (1.2ms)
Completed 200 OK in 26ms (Views: 23.2ms | ActiveRecord: 0.2ms)


